#
# A fatal error has been detected by the Java Runtime Environment:
#
#  EXCEPTION_ACCESS_VIOLATION (0xc0000005) at pc=0x00000000733ba91d, pid=5612, tid=0x000000000000151c
#
# JRE version: Java(TM) SE Runtime Environment (8.0_301-b09) (build 1.8.0_301-b09)
# Java VM: Java HotSpot(TM) 64-Bit Server VM (25.301-b09 mixed mode windows-amd64 compressed oops)
# Problematic frame:
# V  [jvm.dll+0x11a91d]
#
# Failed to write core dump. Minidumps are not enabled by default on client versions of Windows
#
# If you would like to submit a bug report, please visit:
#   http://bugreport.java.com/bugreport/crash.jsp
#

---------------  T H R E A D  ---------------

Current thread (0x00000000004b3000):  GCTaskThread [stack: 0x00000000122a0000,0x00000000123a0000] [id=5404]

siginfo: ExceptionCode=0xc0000005, reading address 0x00000000150f7638

Registers:
RAX=0x0000000013648000, RBX=0x0000000073a87fe0, RCX=0x00000000000000d7, RDX=0x000000000d57b1d7
RSP=0x000000001239f490, RBP=0x000000005531fbd0, RSI=0x0000000008000005, RDI=0x00000000ec9d8e98
R8 =0x0000000000355ec7, R9 =0x1fffffffffffffff, R10=0x0000000000000067, R11=0x00000000c2066d78
R12=0x0000000000000000, R13=0x00000000147d1940, R14=0x00000000147d1938, R15=0x0000000000000001
RIP=0x00000000733ba91d, EFLAGS=0x0000000000010202

Top of Stack: (sp=0x000000001239f490)
0x000000001239f490:   0000000056170058 0000000073392658
0x000000001239f4a0:   00000000c20c7720 000000007366e5cc
0x000000001239f4b0:   00000000ec9d8e98 0000000073666fed
0x000000001239f4c0:   0000000073a87fe0 0000000008000005
0x000000001239f4d0:   00000000738ba518 00000000733b2722
0x000000001239f4e0:   0000000008000005 00000000733b270c
0x000000001239f4f0:   00000000ec9d8e98 0000000000000000
0x000000001239f500:   0000000000000001 0000000000000003
0x000000001239f510:   00000000c2066d84 00000000733b2f66
0x000000001239f520:   00000000ec9d8e98 00000000c1fcf4e4
0x000000001239f530:   000000005531fbd0 00000000733c2f0f
0x000000001239f540:   00000000738ba518 0000000000000000
0x000000001239f550:   00000000c2050d88 000000005531fbd0
0x000000001239f560:   000000001239f5f0 0000000073669baa
0x000000001239f570:   00000000004b32d0 0000000000000200
0x000000001239f580:   00000000c2066d78 0000000000000067 

Instructions: (pc=0x00000000733ba91d)
0x00000000733ba8fd:   c3 cc cc 48 89 5c 24 08 48 89 74 24 10 57 48 83
0x00000000733ba90d:   ec 20 48 8b 41 20 4c 8b c2 49 c1 e8 06 0f b6 ca
0x00000000733ba91d:   4a 8b 1c c0 4a 8d 34 c0 80 e1 3f bf 01 00 00 00
0x00000000733ba92d:   48 d3 e7 48 8b c3 48 0b c7 48 3b c3 74 27 0f 1f 


Register to memory mapping:

RAX=0x0000000013648000 is an unknown value
RBX=0x0000000073a87fe0 is an unknown value
RCX=0x00000000000000d7 is an unknown value
RDX=0x000000000d57b1d7 is an unknown value
RSP=0x000000001239f490 is an unknown value
RBP=0x000000005531fbd0 is an unknown value
RSI=0x0000000008000005 is an unknown value
RDI=0x00000000ec9d8e98 is an oop
[C 
 - klass: {type array char}
 - length: 536870923
R8 =0x0000000000355ec7 is an unknown value
R9 =0x1fffffffffffffff is an unknown value
R10=0x0000000000000067 is an unknown value
R11=0x00000000c2066d78 is an oop
java.lang.String 
 - klass: 'java/lang/String'
R12=0x0000000000000000 is an unknown value
R13=0x00000000147d1940 is pointing into metadata
R14=0x00000000147d1938 is pointing into metadata
R15=0x0000000000000001 is an unknown value


Stack: [0x00000000122a0000,0x00000000123a0000],  sp=0x000000001239f490,  free space=1021k
Native frames: (J=compiled Java code, j=interpreted, Vv=VM code, C=native code)
V  [jvm.dll+0x11a91d]
V  [jvm.dll+0x3c6fed]
V  [jvm.dll+0x11270c]
V  [jvm.dll+0x112f66]
V  [jvm.dll+0x3c9baa]
V  [jvm.dll+0x3c75ef]
V  [jvm.dll+0x3c5219]
V  [jvm.dll+0x2923dc]
C  [ucrtbase.DLL+0x1d912]
C  [kernel32.dll+0x1652d]
C  [ntdll.dll+0x2c521]


---------------  P R O C E S S  ---------------

Java Threads: ( => current thread )
  0x0000000058778000 JavaThread "Abandoned connection cleanup thread" daemon [_thread_blocked, id=2944, stack(0x000000005abf0000,0x000000005acf0000)]
  0x0000000058748800 JavaThread "TimerQueue" daemon [_thread_blocked, id=4020, stack(0x000000005a980000,0x000000005aa80000)]
  0x0000000000493800 JavaThread "DestroyJavaVM" [_thread_blocked, id=5128, stack(0x0000000002150000,0x0000000002250000)]
  0x000000005844d800 JavaThread "AWT-EventQueue-0" [_thread_blocked, id=4264, stack(0x00000000591c0000,0x00000000592c0000)]
  0x00000000583e8000 JavaThread "AWT-Windows" daemon [_thread_in_native, id=4052, stack(0x0000000059080000,0x0000000059180000)]
  0x00000000583e5000 JavaThread "AWT-Shutdown" [_thread_blocked, id=5384, stack(0x0000000058e70000,0x0000000058f70000)]
  0x00000000583e4800 JavaThread "Java2D Disposer" daemon [_thread_blocked, id=5756, stack(0x0000000058c80000,0x0000000058d80000)]
  0x0000000057a5c000 JavaThread "Service Thread" daemon [_thread_blocked, id=2720, stack(0x0000000057590000,0x0000000057690000)]
  0x00000000579d4000 JavaThread "C1 CompilerThread3" daemon [_thread_blocked, id=5400, stack(0x00000000582e0000,0x00000000583e0000)]
  0x00000000579c9000 JavaThread "C2 CompilerThread2" daemon [_thread_blocked, id=7336, stack(0x0000000058110000,0x0000000058210000)]
  0x000000005549d000 JavaThread "C2 CompilerThread1" daemon [_thread_blocked, id=3456, stack(0x0000000057ed0000,0x0000000057fd0000)]
  0x000000005549b800 JavaThread "C2 CompilerThread0" daemon [_thread_blocked, id=5644, stack(0x0000000057060000,0x0000000057160000)]
  0x0000000055497000 JavaThread "Attach Listener" daemon [_thread_blocked, id=6116, stack(0x00000000578c0000,0x00000000579c0000)]
  0x000000005549f800 JavaThread "Signal Dispatcher" daemon [_thread_blocked, id=5560, stack(0x00000000576c0000,0x00000000577c0000)]
  0x000000005547a000 JavaThread "Finalizer" daemon [_thread_blocked, id=1416, stack(0x0000000057460000,0x0000000057560000)]
  0x000000005542e800 JavaThread "Reference Handler" daemon [_thread_blocked, id=3808, stack(0x0000000057260000,0x0000000057360000)]

Other Threads:
  0x0000000055426000 VMThread [stack: 0x0000000057160000,0x0000000057260000] [id=3904]
  0x0000000057a6f000 WatcherThread [stack: 0x0000000057dc0000,0x0000000057ec0000] [id=5716]

=>0x00000000004b3000 (exited) GCTaskThread [stack: 0x00000000122a0000,0x00000000123a0000] [id=5404]

VM state:at safepoint (normal execution)

VM Mutex/Monitor currently owned by a thread:  ([mutex/lock_event])
[0x0000000000490f90] Threads_lock - owner thread: 0x0000000055426000
[0x0000000000491490] Heap_lock - owner thread: 0x000000005844d800

heap address: 0x00000000c1e00000, size: 994 MB, Compressed Oops mode: 32-bit
Narrow klass base: 0x0000000000000000, Narrow klass shift: 0
Compressed class space size: 1073741824 Address: 0x00000000147d0000

Heap:
 PSYoungGen      total 19968K, used 19123K [0x00000000eb500000, 0x00000000ecd00000, 0x0000000100000000)
  eden space 16384K, 100% used [0x00000000eb500000,0x00000000ec500000,0x00000000ec500000)
  from space 3584K, 76% used [0x00000000ec980000,0x00000000ecc2ce78,0x00000000ecd00000)
  to   space 4096K, 15% used [0x00000000ec500000,0x00000000ec5a0000,0x00000000ec900000)
 ParOldGen       total 678912K, used 3943K [0x00000000c1e00000, 0x00000000eb500000, 0x00000000eb500000)
  object space 678912K, 0% used [0x00000000c1e00000,0x00000000c21d9cc0,0x00000000eb500000)
 Metaspace       used 16355K, capacity 16516K, committed 16640K, reserved 1064960K
  class space    used 1963K, capacity 2024K, committed 2048K, reserved 1048576K

Card table byte_map: [0x00000000118e0000,0x0000000011ae0000] byte_map_base: 0x00000000112d1000

Marking Bits: (ParMarkBitMap*) 0x0000000073a87fe0
 Begin Bits: [0x00000000126c0000, 0x0000000013648000)
 End Bits:   [0x0000000013648000, 0x00000000145d0000)

Polling page: 0x00000000003b0000

CodeCache: size=245760Kb used=7624Kb max_used=7640Kb free=238135Kb
 bounds [0x0000000002520000, 0x0000000002cb0000, 0x0000000011520000]
 total_blobs=2724 nmethods=2169 adapters=466
 compilation: enabled

Compilation events (10 events):
Event: 515.514 Thread 0x00000000579d4000 2323       3       javax.swing.plaf.basic.BasicTextUI$RootView::removeUpdate (18 bytes)
Event: 515.514 Thread 0x00000000579d4000 nmethod 2323 0x0000000002812f90 code [0x0000000002813100, 0x0000000002813348]
Event: 520.517 Thread 0x000000005549b800 2324       4       javax.swing.text.AbstractDocument::getProperty (9 bytes)
Event: 520.521 Thread 0x000000005549b800 nmethod 2324 0x000000000282b110 code [0x000000000282b280, 0x000000000282b978]
Event: 532.573 Thread 0x000000005549d000 2325       4       java.security.AccessControlContext::<init> (63 bytes)
Event: 532.574 Thread 0x000000005549d000 nmethod 2325 0x0000000002855090 code [0x00000000028551c0, 0x0000000002855278]
Event: 535.530 Thread 0x00000000579c9000 2326       4       java.util.LinkedHashMap::afterNodeAccess (116 bytes)
Event: 535.531 Thread 0x00000000579c9000 nmethod 2326 0x0000000002874fd0 code [0x0000000002875120, 0x0000000002875278]
Event: 547.540 Thread 0x000000005549b800 2327       4       sun.java2d.SurfaceData::validatePipe (785 bytes)
Event: 547.557 Thread 0x000000005549b800 nmethod 2327 0x0000000002c9f8d0 code [0x0000000002c9fba0, 0x0000000002ca11c0]

GC Heap History (10 events):
Event: 209.255 GC heap after
Heap after GC invocations=3 (full 0):
 PSYoungGen      total 18944K, used 2531K [0x00000000eb500000, 0x00000000eca00000, 0x0000000100000000)
  eden space 16384K, 0% used [0x00000000eb500000,0x00000000eb500000,0x00000000ec500000)
  from space 2560K, 98% used [0x00000000ec500000,0x00000000ec778e88,0x00000000ec780000)
  to   space 2560K, 0% used [0x00000000ec780000,0x00000000ec780000,0x00000000eca00000)
 ParOldGen       total 44032K, used 1824K [0x00000000c1e00000, 0x00000000c4900000, 0x00000000eb500000)
  object space 44032K, 4% used [0x00000000c1e00000,0x00000000c1fc81c8,0x00000000c4900000)
 Metaspace       used 15592K, capacity 15748K, committed 15872K, reserved 1062912K
  class space    used 1901K, capacity 1960K, committed 2048K, reserved 1048576K
}
Event: 309.338 GC heap before
{Heap before GC invocations=4 (full 0):
 PSYoungGen      total 18944K, used 18915K [0x00000000eb500000, 0x00000000eca00000, 0x0000000100000000)
  eden space 16384K, 100% used [0x00000000eb500000,0x00000000ec500000,0x00000000ec500000)
  from space 2560K, 98% used [0x00000000ec500000,0x00000000ec778e88,0x00000000ec780000)
  to   space 2560K, 0% used [0x00000000ec780000,0x00000000ec780000,0x00000000eca00000)
 ParOldGen       total 44032K, used 1824K [0x00000000c1e00000, 0x00000000c4900000, 0x00000000eb500000)
  object space 44032K, 4% used [0x00000000c1e00000,0x00000000c1fc81c8,0x00000000c4900000)
 Metaspace       used 15672K, capacity 15812K, committed 16128K, reserved 1062912K
  class space    used 1901K, capacity 1960K, committed 2048K, reserved 1048576K
Event: 309.341 GC heap after
Heap after GC invocations=4 (full 0):
 PSYoungGen      total 18944K, used 2531K [0x00000000eb500000, 0x00000000eca00000, 0x0000000100000000)
  eden space 16384K, 0% used [0x00000000eb500000,0x00000000eb500000,0x00000000ec500000)
  from space 2560K, 98% used [0x00000000ec780000,0x00000000ec9f8e88,0x00000000eca00000)
  to   space 2560K, 0% used [0x00000000ec500000,0x00000000ec500000,0x00000000ec780000)
 ParOldGen       total 44032K, used 1840K [0x00000000c1e00000, 0x00000000c4900000, 0x00000000eb500000)
  object space 44032K, 4% used [0x00000000c1e00000,0x00000000c1fcc1c8,0x00000000c4900000)
 Metaspace       used 15672K, capacity 15812K, committed 16128K, reserved 1062912K
  class space    used 1901K, capacity 1960K, committed 2048K, reserved 1048576K
}
Event: 369.392 GC heap before
{Heap before GC invocations=5 (full 0):
 PSYoungGen      total 18944K, used 18915K [0x00000000eb500000, 0x00000000eca00000, 0x0000000100000000)
  eden space 16384K, 100% used [0x00000000eb500000,0x00000000ec500000,0x00000000ec500000)
  from space 2560K, 98% used [0x00000000ec780000,0x00000000ec9f8e88,0x00000000eca00000)
  to   space 2560K, 0% used [0x00000000ec500000,0x00000000ec500000,0x00000000ec780000)
 ParOldGen       total 44032K, used 1840K [0x00000000c1e00000, 0x00000000c4900000, 0x00000000eb500000)
  object space 44032K, 4% used [0x00000000c1e00000,0x00000000c1fcc1c8,0x00000000c4900000)
 Metaspace       used 16169K, capacity 16324K, committed 16384K, reserved 1062912K
  class space    used 1963K, capacity 2024K, committed 2048K, reserved 1048576K
Event: 369.395 GC heap after
Heap after GC invocations=5 (full 0):
 PSYoungGen      total 18944K, used 2547K [0x00000000eb500000, 0x00000000ece00000, 0x0000000100000000)
  eden space 16384K, 0% used [0x00000000eb500000,0x00000000eb500000,0x00000000ec500000)
  from space 2560K, 99% used [0x00000000ec500000,0x00000000ec77ce98,0x00000000ec780000)
  to   space 4608K, 0% used [0x00000000ec980000,0x00000000ec980000,0x00000000ece00000)
 ParOldGen       total 44032K, used 2096K [0x00000000c1e00000, 0x00000000c4900000, 0x00000000eb500000)
  object space 44032K, 4% used [0x00000000c1e00000,0x00000000c200c1c8,0x00000000c4900000)
 Metaspace       used 16169K, capacity 16324K, committed 16384K, reserved 1062912K
  class space    used 1963K, capacity 2024K, committed 2048K, reserved 1048576K
}
Event: 465.474 GC heap before
{Heap before GC invocations=6 (full 0):
 PSYoungGen      total 18944K, used 18931K [0x00000000eb500000, 0x00000000ece00000, 0x0000000100000000)
  eden space 16384K, 100% used [0x00000000eb500000,0x00000000ec500000,0x00000000ec500000)
  from space 2560K, 99% used [0x00000000ec500000,0x00000000ec77ce98,0x00000000ec780000)
  to   space 4608K, 0% used [0x00000000ec980000,0x00000000ec980000,0x00000000ece00000)
 ParOldGen       total 44032K, used 2096K [0x00000000c1e00000, 0x00000000c4900000, 0x00000000eb500000)
  object space 44032K, 4% used [0x00000000c1e00000,0x00000000c200c1c8,0x00000000c4900000)
 Metaspace       used 16310K, capacity 16452K, committed 16640K, reserved 1064960K
  class space    used 1963K, capacity 2024K, committed 2048K, reserved 1048576K
Event: 465.477 GC heap after
Heap after GC invocations=6 (full 0):
 PSYoungGen      total 19968K, used 2739K [0x00000000eb500000, 0x00000000ecd00000, 0x0000000100000000)
  eden space 16384K, 0% used [0x00000000eb500000,0x00000000eb500000,0x00000000ec500000)
  from space 3584K, 76% used [0x00000000ec980000,0x00000000ecc2ce78,0x00000000ecd00000)
  to   space 4096K, 0% used [0x00000000ec500000,0x00000000ec500000,0x00000000ec900000)
 ParOldGen       total 44032K, used 2104K [0x00000000c1e00000, 0x00000000c4900000, 0x00000000eb500000)
  object space 44032K, 4% used [0x00000000c1e00000,0x00000000c200e1c8,0x00000000c4900000)
 Metaspace       used 16310K, capacity 16452K, committed 16640K, reserved 1064960K
  class space    used 1963K, capacity 2024K, committed 2048K, reserved 1048576K
}
Event: 568.557 GC heap before
{Heap before GC invocations=7 (full 0):
 PSYoungGen      total 19968K, used 19123K [0x00000000eb500000, 0x00000000ecd00000, 0x0000000100000000)
  eden space 16384K, 100% used [0x00000000eb500000,0x00000000ec500000,0x00000000ec500000)
  from space 3584K, 76% used [0x00000000ec980000,0x00000000ecc2ce78,0x00000000ecd00000)
  to   space 4096K, 0% used [0x00000000ec500000,0x00000000ec500000,0x00000000ec900000)
 ParOldGen       total 44032K, used 2104K [0x00000000c1e00000, 0x00000000c4900000, 0x00000000eb500000)
  object space 44032K, 4% used [0x00000000c1e00000,0x00000000c200e1c8,0x00000000c4900000)
 Metaspace       used 16355K, capacity 16516K, committed 16640K, reserved 1064960K
  class space    used 1963K, capacity 2024K, committed 2048K, reserved 1048576K
Event: 568.563 GC heap after
Heap after GC invocations=7 (full 0):
 PSYoungGen      total 19968K, used 19123K [0x00000000eb500000, 0x00000000ecd00000, 0x0000000100000000)
  eden space 16384K, 100% used [0x00000000eb500000,0x00000000ec500000,0x00000000ec500000)
  from space 3584K, 76% used [0x00000000ec980000,0x00000000ecc2ce78,0x00000000ecd00000)
  to   space 4096K, 15% used [0x00000000ec500000,0x00000000ec5a0000,0x00000000ec900000)
 ParOldGen       total 678912K, used 3943K [0x00000000c1e00000, 0x00000000eb500000, 0x00000000eb500000)
  object space 678912K, 0% used [0x00000000c1e00000,0x00000000c21d9cc0,0x00000000eb500000)
 Metaspace       used 16355K, capacity 16516K, committed 16640K, reserved 1064960K
  class space    used 1963K, capacity 2024K, committed 2048K, reserved 1048576K
}
Event: 568.563 GC heap before
{Heap before GC invocations=8 (full 1):
 PSYoungGen      total 19968K, used 19123K [0x00000000eb500000, 0x00000000ecd00000, 0x0000000100000000)
  eden space 16384K, 100% used [0x00000000eb500000,0x00000000ec500000,0x00000000ec500000)
  from space 3584K, 76% used [0x00000000ec980000,0x00000000ecc2ce78,0x00000000ecd00000)
  to   space 4096K, 15% used [0x00000000ec500000,0x00000000ec5a0000,0x00000000ec900000)
 ParOldGen       total 678912K, used 3943K [0x00000000c1e00000, 0x00000000eb500000, 0x00000000eb500000)
  object space 678912K, 0% used [0x00000000c1e00000,0x00000000c21d9cc0,0x00000000eb500000)
 Metaspace       used 16355K, capacity 16516K, committed 16640K, reserved 1064960K
  class space    used 1963K, capacity 2024K, committed 2048K, reserved 1048576K

Deoptimization events (10 events):
Event: 355.433 Thread 0x000000005844d800 Uncommon trap: reason=unstable_if action=reinterpret pc=0x0000000002abca9c method=sun.java2d.SurfaceData.getFillCompositeType(Lsun/java2d/SunGraphics2D;)Lsun/java2d/loops/CompositeType; @ 9
Event: 355.433 Thread 0x000000005844d800 Uncommon trap: reason=unstable_if action=reinterpret pc=0x0000000002b2147c method=sun.java2d.SunGraphics2D.setPaint(Ljava/awt/Paint;)V @ 58
Event: 355.434 Thread 0x000000005844d800 Uncommon trap: reason=unstable_if action=reinterpret pc=0x0000000002b32bf4 method=sun.java2d.pipe.AlphaPaintPipe.renderPathTile(Ljava/lang/Object;[BIIIIII)V @ 378
Event: 355.638 Thread 0x000000005844d800 Uncommon trap: reason=class_check action=maybe_recompile pc=0x0000000002985250 method=java.util.HashMap.putVal(ILjava/lang/Object;Ljava/lang/Object;ZZ)Ljava/lang/Object; @ 253
Event: 355.639 Thread 0x000000005844d800 Uncommon trap: reason=class_check action=maybe_recompile pc=0x0000000002985250 method=java.util.HashMap.putVal(ILjava/lang/Object;Ljava/lang/Object;ZZ)Ljava/lang/Object; @ 253
Event: 355.641 Thread 0x000000005844d800 Uncommon trap: reason=class_check action=maybe_recompile pc=0x0000000002985250 method=java.util.HashMap.putVal(ILjava/lang/Object;Ljava/lang/Object;ZZ)Ljava/lang/Object; @ 253
Event: 355.643 Thread 0x000000005844d800 Uncommon trap: reason=class_check action=maybe_recompile pc=0x0000000002985250 method=java.util.HashMap.putVal(ILjava/lang/Object;Ljava/lang/Object;ZZ)Ljava/lang/Object; @ 253
Event: 355.689 Thread 0x000000005844d800 Uncommon trap: reason=class_check action=maybe_recompile pc=0x00000000026a7bd0 method=java.lang.String.equals(Ljava/lang/Object;)Z @ 8
Event: 355.862 Thread 0x000000005844d800 Uncommon trap: reason=unstable_if action=reinterpret pc=0x00000000027387ac method=java.util.ArrayList.remove(I)Ljava/lang/Object; @ 31
Event: 357.418 Thread 0x000000005844d800 Uncommon trap: reason=unstable_if action=reinterpret pc=0x00000000027dfaf8 method=java.awt.font.FontRenderContext.equals(Ljava/awt/font/FontRenderContext;)Z @ 35

Classes redefined (0 events):
No events

Internal exceptions (10 events):
Event: 359.315 Thread 0x000000005844d800 Exception <a 'java/lang/NullPointerException'> (0x00000000ec349388) thrown at [C:\jenkins\workspace\8-2-build-windows-amd64-cygwin\jdk8u301\1513\hotspot\src\share\vm\interpreter\linkResolver.cpp, line 1287]
Event: 359.354 Thread 0x000000005844d800 Implicit null exception at 0x00000000026b5122 to 0x00000000026b5249
Event: 359.354 Thread 0x000000005844d800 Exception <a 'java/lang/NullPointerException'> (0x00000000ec34aac8) thrown at [C:\jenkins\workspace\8-2-build-windows-amd64-cygwin\jdk8u301\1513\hotspot\src\share\vm\runtime\sharedRuntime.cpp, line 609]
Event: 359.369 Thread 0x000000005844d800 Exception <a 'java/lang/NullPointerException'> (0x00000000ec34aac8) thrown at [C:\jenkins\workspace\8-2-build-windows-amd64-cygwin\jdk8u301\1513\hotspot\src\share\vm\prims\jvm.cpp, line 1527]
Event: 359.369 Thread 0x000000005844d800 Exception <a 'java/lang/NullPointerException'> (0x00000000ec34aac8) thrown at [C:\jenkins\workspace\8-2-build-windows-amd64-cygwin\jdk8u301\1513\hotspot\src\share\vm\prims\jvm.cpp, line 1527]
Event: 378.693 Thread 0x000000005844d800 Exception <a 'java/lang/NullPointerException'> (0x00000000eb76ab78) thrown at [C:\jenkins\workspace\8-2-build-windows-amd64-cygwin\jdk8u301\1513\hotspot\src\share\vm\interpreter\linkResolver.cpp, line 1287]
Event: 378.693 Thread 0x000000005844d800 Implicit null exception at 0x00000000026b5122 to 0x00000000026b5249
Event: 378.693 Thread 0x000000005844d800 Exception <a 'java/lang/NullPointerException'> (0x00000000eb76b058) thrown at [C:\jenkins\workspace\8-2-build-windows-amd64-cygwin\jdk8u301\1513\hotspot\src\share\vm\runtime\sharedRuntime.cpp, line 609]
Event: 378.693 Thread 0x000000005844d800 Exception <a 'java/lang/NullPointerException'> (0x00000000eb76b058) thrown at [C:\jenkins\workspace\8-2-build-windows-amd64-cygwin\jdk8u301\1513\hotspot\src\share\vm\prims\jvm.cpp, line 1527]
Event: 378.693 Thread 0x000000005844d800 Exception <a 'java/lang/NullPointerException'> (0x00000000eb76b058) thrown at [C:\jenkins\workspace\8-2-build-windows-amd64-cygwin\jdk8u301\1513\hotspot\src\share\vm\prims\jvm.cpp, line 1527]

Events (10 events):
Event: 512.517 Thread 0x00000000579d4000 flushing nmethod 0x0000000002858150
Event: 512.517 Thread 0x00000000579d4000 flushing nmethod 0x0000000002874fd0
Event: 512.517 Thread 0x00000000579d4000 flushing nmethod 0x0000000002876550
Event: 512.517 Thread 0x00000000579d4000 flushing nmethod 0x0000000002880f50
Event: 512.517 Thread 0x00000000579d4000 flushing nmethod 0x000000000288b010
Event: 512.517 Thread 0x00000000579d4000 flushing nmethod 0x000000000289c850
Event: 512.518 Thread 0x00000000579d4000 flushing nmethod 0x00000000028e9950
Event: 532.527 loading class java/security/DomainCombiner
Event: 532.573 loading class java/security/DomainCombiner done
Event: 568.557 Executing VM operation: ParallelGCFailedAllocation


Dynamic libraries:
0x000000013f9e0000 - 0x000000013fa27000 	C:\Java\bin\javaw.exe
0x0000000077930000 - 0x0000000077ad9000 	C:\Windows\SYSTEM32\ntdll.dll
0x0000000077710000 - 0x000000007782f000 	C:\Windows\system32\kernel32.dll
0x000007fefd9f0000 - 0x000007fefda5b000 	C:\Windows\system32\KERNELBASE.dll
0x000007feff160000 - 0x000007feff23b000 	C:\Windows\system32\ADVAPI32.dll
0x000007fefdfa0000 - 0x000007fefe03f000 	C:\Windows\system32\msvcrt.dll
0x000007feff9c0000 - 0x000007feff9df000 	C:\Windows\SYSTEM32\sechost.dll
0x000007feff510000 - 0x000007feff63d000 	C:\Windows\system32\RPCRT4.dll
0x0000000077830000 - 0x000000007792a000 	C:\Windows\system32\USER32.dll
0x000007feff4a0000 - 0x000007feff507000 	C:\Windows\system32\GDI32.dll
0x000007feff150000 - 0x000007feff15e000 	C:\Windows\system32\LPK.dll
0x000007feff850000 - 0x000007feff919000 	C:\Windows\system32\USP10.dll
0x000007fefc350000 - 0x000007fefc544000 	C:\Windows\WinSxS\amd64_microsoft.windows.common-controls_6595b64144ccf1df_6.0.7601.17514_none_fa396087175ac9ac\COMCTL32.dll
0x000007feff3d0000 - 0x000007feff441000 	C:\Windows\system32\SHLWAPI.dll
0x000007feff3a0000 - 0x000007feff3ce000 	C:\Windows\system32\IMM32.DLL
0x000007fefdc50000 - 0x000007fefdd59000 	C:\Windows\system32\MSCTF.dll
0x000007fef7c20000 - 0x000007fef7c35000 	C:\Java\bin\vcruntime140.dll
0x000007fef7c10000 - 0x000007fef7c14000 	C:\Java\bin\api-ms-win-crt-runtime-l1-1-0.dll
0x000007feea840000 - 0x000007feea93a000 	C:\Java\bin\ucrtbase.DLL
0x000007fef7c00000 - 0x000007fef7c03000 	C:\Java\bin\api-ms-win-core-localization-l1-2-0.dll
0x000007fef7bf0000 - 0x000007fef7bf3000 	C:\Java\bin\api-ms-win-core-processthreads-l1-1-1.dll
0x000007fef7be0000 - 0x000007fef7be3000 	C:\Java\bin\api-ms-win-core-file-l1-2-0.dll
0x000007fef7bd0000 - 0x000007fef7bd3000 	C:\Java\bin\api-ms-win-core-timezone-l1-1-0.dll
0x000007fef7bc0000 - 0x000007fef7bc3000 	C:\Java\bin\api-ms-win-core-file-l2-1-0.dll
0x000007fef7bb0000 - 0x000007fef7bb3000 	C:\Java\bin\api-ms-win-core-synch-l1-2-0.dll
0x000007fef7ba0000 - 0x000007fef7ba3000 	C:\Java\bin\api-ms-win-crt-heap-l1-1-0.dll
0x000007fef7b90000 - 0x000007fef7b94000 	C:\Java\bin\api-ms-win-crt-string-l1-1-0.dll
0x000007fef7b80000 - 0x000007fef7b84000 	C:\Java\bin\api-ms-win-crt-stdio-l1-1-0.dll
0x000007fef7a40000 - 0x000007fef7a44000 	C:\Java\bin\api-ms-win-crt-convert-l1-1-0.dll
0x000007feea7a0000 - 0x000007feea83b000 	C:\Java\bin\msvcp140.dll
0x000007fef78c0000 - 0x000007fef78c3000 	C:\Java\bin\api-ms-win-crt-locale-l1-1-0.dll
0x000007feec4f0000 - 0x000007feec4f5000 	C:\Java\bin\api-ms-win-crt-math-l1-1-0.dll
0x000007feeb650000 - 0x000007feeb653000 	C:\Java\bin\api-ms-win-crt-filesystem-l1-1-0.dll
0x000007feeb640000 - 0x000007feeb643000 	C:\Java\bin\api-ms-win-crt-time-l1-1-0.dll
0x000007feeb1d0000 - 0x000007feeb1d3000 	C:\Java\bin\api-ms-win-crt-environment-l1-1-0.dll
0x000007feeb1c0000 - 0x000007feeb1c3000 	C:\Java\bin\api-ms-win-crt-utility-l1-1-0.dll
0x00000000732a0000 - 0x0000000073b00000 	C:\Java\bin\server\jvm.dll
0x000007fef9500000 - 0x000007fef9509000 	C:\Windows\system32\WSOCK32.dll
0x000007feff450000 - 0x000007feff49d000 	C:\Windows\system32\WS2_32.dll
0x000007feff390000 - 0x000007feff398000 	C:\Windows\system32\NSI.dll
0x000007fef8610000 - 0x000007fef864b000 	C:\Windows\system32\WINMM.dll
0x000007fefc9e0000 - 0x000007fefc9ec000 	C:\Windows\system32\VERSION.dll
0x0000000077b00000 - 0x0000000077b07000 	C:\Windows\system32\PSAPI.DLL
0x000007fefbaa0000 - 0x000007fefbab0000 	C:\Java\bin\verify.dll
0x000007feed2d0000 - 0x000007feed2fb000 	C:\Java\bin\java.dll
0x000007fef7780000 - 0x000007fef7798000 	C:\Java\bin\zip.dll
0x000007fefe0e0000 - 0x000007fefee68000 	C:\Windows\system32\SHELL32.dll
0x000007feff640000 - 0x000007feff843000 	C:\Windows\system32\ole32.dll
0x000007fefd880000 - 0x000007fefd88f000 	C:\Windows\system32\profapi.dll
0x000007fee3d60000 - 0x000007fee3ef5000 	C:\Java\bin\awt.dll
0x000007feff070000 - 0x000007feff147000 	C:\Windows\system32\OLEAUT32.dll
0x000007fefc010000 - 0x000007fefc066000 	C:\Windows\system32\uxtheme.dll
0x000007fefbc30000 - 0x000007fefbc48000 	C:\Windows\system32\dwmapi.dll
0x000007fefd770000 - 0x000007fefd77f000 	C:\Windows\system32\CRYPTBASE.dll
0x000007fee3c90000 - 0x000007fee3cd9000 	C:\Java\bin\fontmanager.dll
0x000007fef6b80000 - 0x000007fef6c9d000 	C:\Windows\system32\opengl32.dll
0x000007fefb7e0000 - 0x000007fefb80d000 	C:\Windows\system32\GLU32.dll
0x000007fef50b0000 - 0x000007fef51a1000 	C:\Windows\system32\DDRAW.dll
0x000007fefc090000 - 0x000007fefc098000 	C:\Windows\system32\DCIMAN32.dll
0x000007fefddc0000 - 0x000007fefdf97000 	C:\Windows\system32\SETUPAPI.dll
0x000007fefda60000 - 0x000007fefda96000 	C:\Windows\system32\CFGMGR32.dll
0x000007fefd930000 - 0x000007fefd94a000 	C:\Windows\system32\DEVOBJ.dll
0x000007feed2b0000 - 0x000007feed2cc000 	C:\Java\bin\net.dll
0x000007fefd090000 - 0x000007fefd0e5000 	C:\Windows\system32\mswsock.dll
0x000007fefd080000 - 0x000007fefd087000 	C:\Windows\System32\wship6.dll
0x000007fef7760000 - 0x000007fef7773000 	C:\Java\bin\nio.dll
0x000007fee3b80000 - 0x000007fee3bc3000 	C:\Java\bin\t2k.dll
0x000007fefe040000 - 0x000007fefe0d9000 	C:\Windows\system32\CLBCatQ.DLL
0x000007fefbac0000 - 0x000007fefbbea000 	C:\Windows\system32\WindowsCodecs.dll
0x000007fefd710000 - 0x000007fefd767000 	C:\Windows\system32\apphelp.dll
0x000007fefbc50000 - 0x000007fefbc85000 	C:\Windows\system32\EhStorShell.dll
0x000007fefc0c0000 - 0x000007fefc1ec000 	C:\Windows\system32\PROPSYS.dll
0x000007fefb990000 - 0x000007fefba0e000 	C:\Windows\System32\cscui.dll
0x000007fefc560000 - 0x000007fefc56c000 	C:\Windows\System32\CSCDLL.dll
0x000007fef70c0000 - 0x000007fef70cf000 	C:\Windows\system32\CSCAPI.dll
0x000007fef7640000 - 0x000007fef76c0000 	C:\Windows\system32\ntshrui.dll
0x000007fefd470000 - 0x000007fefd493000 	C:\Windows\system32\srvcli.dll
0x000007fefb410000 - 0x000007fefb41b000 	C:\Windows\system32\slc.dll
0x000007fefcab0000 - 0x000007fefcab7000 	C:\Windows\System32\wshtcpip.dll
0x000007fefcf10000 - 0x000007fefcf6b000 	C:\Windows\system32\DNSAPI.dll
0x000007fefb1c0000 - 0x000007fefb1e7000 	C:\Windows\system32\IPHLPAPI.DLL
0x000007fefb1a0000 - 0x000007fefb1ab000 	C:\Windows\system32\WINNSI.DLL
0x000007fef7cb0000 - 0x000007fef7cb8000 	C:\Windows\system32\rasadhlp.dll
0x000007fefb050000 - 0x000007fefb0a3000 	C:\Windows\System32\fwpuclnt.dll
0x000007fee99a0000 - 0x000007fee99ca000 	C:\Java\bin\dcpr.dll
0x000007fef8c00000 - 0x000007fef8d25000 	C:\Windows\system32\dbghelp.dll

VM Arguments:
jvm_args: -Dfile.encoding=Cp1252 
java_command: login
java_class_path (initial): D:\PROJECTS_java\Airline-reservation-system\kashipara.com_Airline-zip\Airline\AirlineResevationSystem\build\classes;D:\PROJECTS_java\Airline-reservation-system\kashipara.com_Airline-zip\Airline\AirlineResevationSystem\dist\lib\AbsoluteLayout.jar;D:\PROJECTS_java\Airline-reservation-system\kashipara.com_Airline-zip\Airline\AirlineResevationSystem\dist\lib\jcalendar-1.4.jar;D:\PROJECTS_java\Airline-reservation-system\kashipara.com_Airline-zip\Airline\AirlineResevationSystem\dist\lib\mysql-connector-java-5.1.23-bin.jar;D:\PROJECTS_java\Airline-reservation-system\kashipara.com_Airline-zip\Airline\AirlineResevationSystem\dist\AirlineResevationSystem.jar;D:\PROJECTS_java\Airline-reservation-system\kashipara.com_Airline-zip\Airline\AirlineResevationSystem\jcalendar-tz-1.3.3-4.jar\jcalendar-tz-1.3.3-4.jar
Launcher Type: SUN_STANDARD

Environment Variables:
PATH=C:/Java/bin/server;C:/Java/bin;C:/Java/lib/amd64;C:\Program Files (x86)\Common Files\Oracle\Java\javapath;C:\Windows\system32;C:\Windows;C:\Windows\System32\Wbem;C:\Windows\System32\WindowsPowerShell\v1.0\;C:\Program Files\Intel\WiFi\bin\;C:\Program Files\Common Files\Intel\WirelessCommon\;C:\Program Files\Java\jdk1.8.0_202\bin;C:\Program Files\Java\jre1.8.0_202\bin;C:\Program Files\MySQL\MySQL Shell 8.0\bin\;C:\Program Files\Intel\WiFi\bin\;C:\Program Files\Common Files\Intel\WirelessCommon\;C:\Users\sreekanth\Desktop;
USERNAME=sreekanth
OS=Windows_NT
PROCESSOR_IDENTIFIER=Intel64 Family 6 Model 142 Stepping 10, GenuineIntel



---------------  S Y S T E M  ---------------

OS: Windows 7 , 64 bit Build 7601 (6.1.7601.17514)

CPU:total 8 (initial active 8) (4 cores per cpu, 2 threads per core) family 6 model 142 stepping 10, cmov, cx8, fxsr, mmx, sse, sse2, sse3, ssse3, sse4.1, sse4.2, popcnt, avx, avx2, aes, clmul, erms, 3dnowpref, lzcnt, ht, tsc, tscinvbit, bmi1, bmi2, adx

Memory: 4k page, physical 4068580k(332952k free), swap 8135316k(2147692k free)

vm_info: Java HotSpot(TM) 64-Bit Server VM (25.301-b09) for windows-amd64 JRE (1.8.0_301-b09), built on Jun  9 2021 06:46:21 by "java_re" with MS VC++ 15.9 (VS2017)

time: Tue Dec  7 02:19:07 2021
timezone: Pacific Standard Time
elapsed time: 568.807059 seconds (0d 0h 9m 28s)

